VASTUS: -

--------------------------------------------------
VASTUS: -

--------------------------------------------------
[2026-04-09 13:16:51]
KÜSIMUS: Tere!
STAATUS: BLOKEERITUD
VASTUS: -
--------------------------------------------------
[2026-04-09 13:17:47]
KÜSIMUS: Tere!
STAATUS: BLOKEERITUD
VASTUS: -
--------------------------------------------------
[2026-04-09 13:18:38]
KÜSIMUS: Tere!
STAATUS: BLOKEERITUD
VASTUS: -
--------------------------------------------------
[2026-04-09 13:28:31]
KÜSIMUS: tere
STAATUS: VIGA
VASTUS: Timeout turvakontrollis...
--------------------------------------------------
